\BOOKMARK [1][-]{section.1}{\376\377\000I\000n\000t\000r\000o\000d\000u\000c\000t\000i\000o\000n}{}% 1
\BOOKMARK [1][-]{section.2}{\376\377\000S\000i\000g\000n\000i\000f\000i\000c\000a\000n\000c\000e}{}% 2
\BOOKMARK [1][-]{section.3}{\376\377\000T\000h\000e\000o\000r\000y\000\040\000a\000n\000d\000\040\000H\000y\000p\000o\000t\000h\000e\000s\000e\000s}{}% 3
\BOOKMARK [2][-]{subsection.3.1}{\376\377\000T\000h\000e\000o\000r\000y}{section.3}% 4
\BOOKMARK [2][-]{subsection.3.2}{\376\377\000C\000o\000n\000c\000e\000p\000t\000u\000a\000l\000\040\000F\000r\000a\000m\000e\000w\000o\000r\000k}{section.3}% 5
\BOOKMARK [2][-]{subsection.3.3}{\376\377\000H\000y\000p\000o\000t\000h\000e\000s\000e\000s}{section.3}% 6
\BOOKMARK [1][-]{section.4}{\376\377\000R\000e\000s\000e\000a\000r\000c\000h\000\040\000D\000e\000s\000i\000g\000n}{}% 7
\BOOKMARK [2][-]{subsection.4.1}{\376\377\000C\000o\000n\000t\000e\000x\000t\000,\000\040\000S\000a\000m\000p\000l\000e\000,\000\040\000a\000n\000d\000\040\000R\000e\000c\000r\000u\000i\000t\000m\000e\000n\000t}{section.4}% 8
\BOOKMARK [2][-]{subsection.4.2}{\376\377\000S\000a\000m\000p\000l\000e\000\040\000S\000i\000z\000e\000,\000\040\000R\000e\000a\000l\000i\000z\000e\000d\000\040\000F\000l\000o\000w\000,\000\040\000a\000n\000d\000\040\000P\000o\000w\000e\000r}{section.4}% 9
\BOOKMARK [2][-]{subsection.4.3}{\376\377\000E\000x\000p\000e\000r\000i\000m\000e\000n\000t\000a\000l\000\040\000T\000r\000e\000a\000t\000m\000e\000n\000t\000\040\000C\000o\000n\000d\000i\000t\000i\000o\000n\000s}{section.4}% 10
\BOOKMARK [2][-]{subsection.4.4}{\376\377\000C\000o\000n\000t\000e\000n\000t\000\040\000P\000r\000e\000p\000a\000r\000a\000t\000i\000o\000n\000,\000\040\000D\000e\000l\000i\000v\000e\000r\000y\000,\000\040\000a\000n\000d\000\040\000C\000o\000m\000p\000l\000i\000a\000n\000c\000e}{section.4}% 11
\BOOKMARK [2][-]{subsection.4.5}{\376\377\000B\000l\000o\000c\000k\000\040\000R\000a\000n\000d\000o\000m\000i\000z\000a\000t\000i\000o\000n}{section.4}% 12
\BOOKMARK [2][-]{subsection.4.6}{\376\377\000O\000u\000t\000c\000o\000m\000e\000\040\000M\000e\000a\000s\000u\000r\000e\000s\000\040\000a\000n\000d\000\040\000Q\000u\000e\000s\000t\000i\000o\000n\000n\000a\000i\000r\000e\000\040\000M\000o\000d\000u\000l\000e\000s}{section.4}% 13
\BOOKMARK [2][-]{subsection.4.7}{\376\377\000A\000t\000t\000r\000i\000t\000i\000o\000n\000\040\000a\000n\000d\000\040\000M\000i\000t\000i\000g\000a\000t\000i\000o\000n\000\040\000S\000t\000r\000a\000t\000e\000g\000y}{section.4}% 14
\BOOKMARK [1][-]{section.5}{\376\377\000E\000m\000p\000i\000r\000i\000c\000a\000l\000\040\000S\000t\000r\000a\000t\000e\000g\000y}{}% 15
\BOOKMARK [2][-]{subsection.5.1}{\376\377\000M\000a\000i\000n\000\040\000i\000n\000t\000e\000n\000t\000i\000o\000n\000-\000t\000o\000-\000t\000r\000e\000a\000t\000\040\000e\000s\000t\000i\000m\000a\000t\000e\000s}{section.5}% 16
\BOOKMARK [2][-]{subsection.5.2}{\376\377\000H\000e\000t\000e\000r\000o\000g\000e\000n\000e\000i\000t\000y\000,\000\040\000c\000o\000m\000p\000l\000i\000a\000n\000c\000e\000,\000\040\000a\000n\000d\000\040\000d\000o\000s\000e\000\040\000r\000e\000s\000p\000o\000n\000s\000e}{section.5}% 17
\BOOKMARK [2][-]{subsection.5.3}{\376\377\000D\000y\000n\000a\000m\000i\000c\000\040\000o\000u\000t\000c\000o\000m\000e\000s\000,\000\040\000a\000t\000t\000r\000i\000t\000i\000o\000n\000,\000\040\000a\000n\000d\000\040\000i\000n\000f\000e\000r\000e\000n\000c\000e}{section.5}% 18
\BOOKMARK [1][-]{section.6}{\376\377\000T\000i\000m\000e\000l\000i\000n\000e\000\040\000a\000n\000d\000\040\000F\000e\000a\000s\000i\000b\000i\000l\000i\000t\000y}{}% 19
\BOOKMARK [1][-]{section.7}{\376\377\000D\000e\000v\000i\000a\000t\000i\000o\000n\000s\000\040\000f\000r\000o\000m\000\040\000t\000h\000e\000\040\000R\000e\000g\000i\000s\000t\000e\000r\000e\000d\000\040\000P\000A\000P}{}% 20
\BOOKMARK [1][-]{section.8}{\376\377\000E\000t\000h\000i\000c\000a\000l\000\040\000C\000o\000n\000s\000i\000d\000e\000r\000a\000t\000i\000o\000n\000s}{}% 21
\BOOKMARK [2][-]{subsection.8.1}{\376\377\000I\000n\000f\000o\000r\000m\000e\000d\000\040\000C\000o\000n\000s\000e\000n\000t\000\040\000a\000n\000d\000\040\000P\000a\000r\000t\000i\000c\000i\000p\000a\000n\000t\000\040\000A\000u\000t\000o\000n\000o\000m\000y}{section.8}% 22
\BOOKMARK [2][-]{subsection.8.2}{\376\377\000R\000i\000s\000k\000,\000\040\000P\000r\000i\000v\000a\000c\000y\000,\000\040\000a\000n\000d\000\040\000D\000a\000t\000a\000\040\000S\000e\000c\000u\000r\000i\000t\000y}{section.8}% 23
\BOOKMARK [2][-]{subsection.8.3}{\376\377\000D\000e\000b\000r\000i\000e\000f\000i\000n\000g\000\040\000a\000n\000d\000\040\000P\000o\000s\000t\000-\000S\000t\000u\000d\000y\000\040\000R\000i\000g\000h\000t\000s}{section.8}% 24
\BOOKMARK [1][-]{section.9}{\376\377\000C\000o\000n\000c\000l\000u\000s\000i\000o\000n}{}% 25
\BOOKMARK [1][-]{appendix.A}{\376\377\000Q\000u\000e\000s\000t\000i\000o\000n\000n\000a\000i\000r\000e}{}% 26
\BOOKMARK [2][-]{subsection.A.1}{\376\377\000B\000a\000c\000k\000g\000r\000o\000u\000n\000d\000\040\000a\000n\000d\000\040\000D\000e\000m\000o\000g\000r\000a\000p\000h\000i\000c\000s}{appendix.A}% 27
\BOOKMARK [2][-]{subsection.A.2}{\376\377\000M\000e\000d\000i\000a\000\040\000E\000x\000p\000o\000s\000u\000r\000e\000\040\000a\000n\000d\000\040\000F\000o\000r\000e\000i\000g\000n\000\040\000O\000r\000i\000e\000n\000t\000a\000t\000i\000o\000n}{appendix.A}% 28
\BOOKMARK [2][-]{subsection.A.3}{\376\377\000P\000r\000i\000m\000a\000r\000y\000\040\000A\000t\000t\000i\000t\000u\000d\000e\000\040\000B\000a\000t\000t\000e\000r\000i\000e\000s}{appendix.A}% 29
\BOOKMARK [2][-]{subsection.A.4}{\376\377\000I\000s\000s\000u\000e\000-\000S\000p\000e\000c\000i\000f\000i\000c\000\040\000a\000n\000d\000\040\000K\000n\000o\000w\000l\000e\000d\000g\000e\000\040\000I\000t\000e\000m\000s}{appendix.A}% 30
\BOOKMARK [2][-]{subsection.A.5}{\376\377\000W\000e\000e\000k\000l\000y\000\040\000I\000n\000-\000A\000p\000p\000\040\000M\000o\000d\000u\000l\000e}{appendix.A}% 31
\BOOKMARK [2][-]{subsection.A.6}{\376\377\000E\000n\000d\000l\000i\000n\000e\000\040\000a\000n\000d\000\040\000F\000o\000l\000l\000o\000w\000-\000U\000p\000\040\000B\000e\000h\000a\000v\000i\000o\000r\000a\000l\000\040\000M\000e\000a\000s\000u\000r\000e\000s}{appendix.A}% 32
\BOOKMARK [2][-]{subsection.A.7}{\376\377\000S\000u\000r\000v\000e\000y\000\040\000Q\000u\000a\000l\000i\000t\000y\000\040\000C\000o\000n\000t\000r\000o\000l\000s}{appendix.A}% 33
